<?xml version="1.0" encoding="UTF-8"?>
<TestRun id="0e2a44f4-7f47-4284-b17b-b15f446ceadd" name="Loren@ELLRIN 2010-12-18 00:25:50" runUser="Ellrin\Loren" xmlns="http://microsoft.com/schemas/VisualStudio/TeamTest/2010">
  <TestSettings name="Local" id="20c951ca-5f84-442b-894a-0e379489c7be">
    <Description>These are default test settings for a local test run.</Description>
    <Deployment userDeploymentRoot="D:\Code\csharp-bacnet\BACnet\TestResults" useDefaultDeploymentRoot="false" enabled="false" runDeploymentRoot="Loren_ELLRIN 2010-12-18 00_25_50">
      <DeploymentItem filename="D:\Code\csharp-bacnet\BACnet\bin\Debug\BACnet.dll" />
    </Deployment>
    <Execution>
      <TestTypeSpecific />
      <AgentRule name="Execution Agents">
      </AgentRule>
    </Execution>
  </TestSettings>
  <Times creation="2010-12-18T00:25:50.6681242-08:00" queuing="2010-12-18T00:25:51.9681260-08:00" start="2010-12-18T00:25:52.0281261-08:00" finish="2010-12-18T00:26:03.8042523-08:00" />
  <ResultSummary outcome="Error">
    <Counters total="1" executed="1" error="0" failed="0" timeout="0" aborted="1" inconclusive="0" passedButRunAborted="0" notRunnable="0" notExecuted="0" disconnected="0" warning="0" passed="0" completed="0" inProgress="0" pending="0" />
    <RunInfos>
      <RunInfo computerName="ELLRIN" outcome="Error" timestamp="2010-12-18T00:26:03.8042523-08:00">
        <Text>Test host process exited unexpectedly.</Text>
      </RunInfo>
    </RunInfos>
  </ResultSummary>
  <TestDefinitions>
    <UnitTest name="BitStringConstructorTest1" storage="d:\code\csharp-bacnet\bacnet.tests\bin\debug\bacnet.tests.dll" id="800c139e-b476-1d29-81a2-74fdbdeaac2d">
      <Execution id="d1918993-9b3b-41a2-81ef-47d9c36635ee" />
      <TestMethod codeBase="D:/Code/csharp-bacnet/BACnet.Tests/bin/Debug/BACnet.Tests.DLL" adapterTypeName="Microsoft.VisualStudio.TestTools.TestTypes.Unit.UnitTestAdapter, Microsoft.VisualStudio.QualityTools.Tips.UnitTest.Adapter, Version=10.0.0.0, Culture=neutral, PublicKeyToken=b03f5f7f11d50a3a" className="BACnet.Tests.BitStringTest, BACnet.Tests, Version=1.0.0.0, Culture=neutral, PublicKeyToken=null" name="BitStringConstructorTest1" />
    </UnitTest>
  </TestDefinitions>
  <TestLists>
    <TestList name="Results Not in a List" id="8c84fa94-04c1-424b-9868-57a2d4851a1d" />
    <TestList name="All Loaded Results" id="19431567-8539-422a-85d7-44ee4e166bda" />
  </TestLists>
  <TestEntries>
    <TestEntry testId="800c139e-b476-1d29-81a2-74fdbdeaac2d" executionId="d1918993-9b3b-41a2-81ef-47d9c36635ee" testListId="8c84fa94-04c1-424b-9868-57a2d4851a1d" />
  </TestEntries>
  <Results>
    <UnitTestResult executionId="d1918993-9b3b-41a2-81ef-47d9c36635ee" testId="800c139e-b476-1d29-81a2-74fdbdeaac2d" testName="BitStringConstructorTest1" computerName="ELLRIN" duration="00:00:11.7561262" startTime="2010-12-18T00:25:52.0481261-08:00" endTime="2010-12-18T00:26:03.8042523-08:00" testType="13cdc9d9-ddb5-4fa4-a97d-d965ccfc6d4b" outcome="Aborted" testListId="8c84fa94-04c1-424b-9868-57a2d4851a1d" relativeResultsDirectory="d1918993-9b3b-41a2-81ef-47d9c36635ee">
    </UnitTestResult>
  </Results>
</TestRun>