<?xml version="1.0" encoding="UTF-8"?>
<TestRun id="0fc1b223-84ad-4483-b172-7055c6456dea" name="Loren@ELLRIN 2010-12-18 00:25:26" runUser="Ellrin\Loren" xmlns="http://microsoft.com/schemas/VisualStudio/TeamTest/2010">
  <TestSettings name="Local" id="20c951ca-5f84-442b-894a-0e379489c7be">
    <Description>These are default test settings for a local test run.</Description>
    <Deployment enabled="false" runDeploymentRoot="Loren_ELLRIN 2010-12-18 00_25_26">
      <DeploymentItem filename="D:\Code\csharp-bacnet\BACnet\bin\Debug\BACnet.dll" />
    </Deployment>
    <Execution>
      <TestTypeSpecific />
      <AgentRule name="Execution Agents">
      </AgentRule>
    </Execution>
  </TestSettings>
  <Times creation="2010-12-18T00:25:26.3298095-08:00" queuing="2010-12-18T00:25:26.3418102-08:00" start="2010-12-18T00:25:26.3488106-08:00" finish="2010-12-18T00:25:26.5738235-08:00" />
  <ResultSummary outcome="Failed">
    <Counters total="1" executed="1" error="0" failed="1" timeout="0" aborted="0" inconclusive="0" passedButRunAborted="0" notRunnable="0" notExecuted="0" disconnected="0" warning="0" passed="0" completed="0" inProgress="0" pending="0" />
  </ResultSummary>
  <TestDefinitions>
    <UnitTest name="BitStringConstructorTest1" storage="d:\code\csharp-bacnet\bacnet.tests\bin\debug\bacnet.tests.dll" id="800c139e-b476-1d29-81a2-74fdbdeaac2d">
      <Execution id="3b80e339-a1ef-41c7-b1c3-5478274496b2" />
      <TestMethod codeBase="D:/Code/csharp-bacnet/BACnet.Tests/bin/Debug/BACnet.Tests.DLL" adapterTypeName="Microsoft.VisualStudio.TestTools.TestTypes.Unit.UnitTestAdapter, Microsoft.VisualStudio.QualityTools.Tips.UnitTest.Adapter, Version=10.0.0.0, Culture=neutral, PublicKeyToken=b03f5f7f11d50a3a" className="BACnet.Tests.BitStringTest, BACnet.Tests, Version=1.0.0.0, Culture=neutral, PublicKeyToken=null" name="BitStringConstructorTest1" />
    </UnitTest>
  </TestDefinitions>
  <TestLists>
    <TestList name="Results Not in a List" id="8c84fa94-04c1-424b-9868-57a2d4851a1d" />
    <TestList name="All Loaded Results" id="19431567-8539-422a-85d7-44ee4e166bda" />
  </TestLists>
  <TestEntries>
    <TestEntry testId="800c139e-b476-1d29-81a2-74fdbdeaac2d" executionId="3b80e339-a1ef-41c7-b1c3-5478274496b2" testListId="8c84fa94-04c1-424b-9868-57a2d4851a1d" />
  </TestEntries>
  <Results>
    <UnitTestResult executionId="3b80e339-a1ef-41c7-b1c3-5478274496b2" testId="800c139e-b476-1d29-81a2-74fdbdeaac2d" testName="BitStringConstructorTest1" computerName="ELLRIN" duration="00:00:00.0317698" startTime="2010-12-18T00:25:26.3508107-08:00" endTime="2010-12-18T00:25:26.5628229-08:00" testType="13cdc9d9-ddb5-4fa4-a97d-d965ccfc6d4b" outcome="Failed" testListId="8c84fa94-04c1-424b-9868-57a2d4851a1d" relativeResultsDirectory="3b80e339-a1ef-41c7-b1c3-5478274496b2">
      <Output>
        <ErrorInfo>
          <Message>Test method BACnet.Tests.BitStringTest.BitStringConstructorTest1 threw exception: 
System.TypeInitializationException: The type initializer for 'BACnet.ProtocolTypes.BitString`1' threw an exception. ---&gt; System.InvalidCastException: Specified cast is not valid.</Message>
          <StackTrace>    at BACnet.ProtocolTypes.BitString`1..cctor() in D:\Code\csharp-bacnet\BACnet\ProtocolTypes\BitString.cs:line 136
 --- End of inner exception stack trace ---
    at BACnet.ProtocolTypes.BitString`1..ctor(TFlags[] flags)
   at BACnet.Tests.BitStringTest.BitStringConstructorTest1() in D:\Code\csharp-bacnet\BACnet.Tests\ProtocolTypes\BitStringTest.cs:line 75
</StackTrace>
        </ErrorInfo>
      </Output>
    </UnitTestResult>
  </Results>
</TestRun>