<?xml version="1.0" encoding="UTF-8"?>
<TestRun id="7c4c7ad3-bb8c-4276-abe3-13c5e4d3f6aa" name="Loren@ELLRIN 2010-12-18 00:19:18" runUser="Ellrin\Loren" xmlns="http://microsoft.com/schemas/VisualStudio/TeamTest/2010">
  <TestSettings name="Local" id="20c951ca-5f84-442b-894a-0e379489c7be">
    <Description>These are default test settings for a local test run.</Description>
    <Deployment enabled="false" runDeploymentRoot="Loren_ELLRIN 2010-12-18 00_19_18">
      <DeploymentItem filename="D:\Code\csharp-bacnet\BACnet\bin\Debug\BACnet.dll" />
    </Deployment>
    <Execution>
      <TestTypeSpecific />
      <AgentRule name="Execution Agents">
      </AgentRule>
    </Execution>
  </TestSettings>
  <Times creation="2010-12-18T00:19:18.6245399-08:00" queuing="2010-12-18T00:19:19.1465698-08:00" start="2010-12-18T00:19:19.2125736-08:00" finish="2010-12-18T00:19:19.4865892-08:00" />
  <ResultSummary outcome="Completed">
    <Counters total="1" executed="1" passed="1" error="0" failed="0" timeout="0" aborted="0" inconclusive="0" passedButRunAborted="0" notRunnable="0" notExecuted="0" disconnected="0" warning="0" completed="0" inProgress="0" pending="0" />
  </ResultSummary>
  <TestDefinitions>
    <UnitTest name="EnumerationUtilitiesConstructorTest" storage="d:\code\csharp-bacnet\bacnet.tests\bin\debug\bacnet.tests.dll" id="7ed92520-cd2c-5403-3ef3-2f9d2778076b">
      <Execution id="ae848255-6804-4c2d-b564-77907c550e84" />
      <TestMethod codeBase="D:/Code/csharp-bacnet/BACnet.Tests/bin/Debug/BACnet.Tests.DLL" adapterTypeName="Microsoft.VisualStudio.TestTools.TestTypes.Unit.UnitTestAdapter, Microsoft.VisualStudio.QualityTools.Tips.UnitTest.Adapter, Version=10.0.0.0, Culture=neutral, PublicKeyToken=b03f5f7f11d50a3a" className="BACnet.Tests.EnumerationUtilitiesTest, BACnet.Tests, Version=1.0.0.0, Culture=neutral, PublicKeyToken=null" name="EnumerationUtilitiesConstructorTest" />
    </UnitTest>
  </TestDefinitions>
  <TestLists>
    <TestList name="Results Not in a List" id="8c84fa94-04c1-424b-9868-57a2d4851a1d" />
    <TestList name="All Loaded Results" id="19431567-8539-422a-85d7-44ee4e166bda" />
  </TestLists>
  <TestEntries>
    <TestEntry testId="7ed92520-cd2c-5403-3ef3-2f9d2778076b" executionId="ae848255-6804-4c2d-b564-77907c550e84" testListId="8c84fa94-04c1-424b-9868-57a2d4851a1d" />
  </TestEntries>
  <Results>
    <UnitTestResult executionId="ae848255-6804-4c2d-b564-77907c550e84" testId="7ed92520-cd2c-5403-3ef3-2f9d2778076b" testName="EnumerationUtilitiesConstructorTest" computerName="ELLRIN" duration="00:00:00.0171287" startTime="2010-12-18T00:19:19.2195740-08:00" endTime="2010-12-18T00:19:19.4615878-08:00" testType="13cdc9d9-ddb5-4fa4-a97d-d965ccfc6d4b" outcome="Passed" testListId="8c84fa94-04c1-424b-9868-57a2d4851a1d" relativeResultsDirectory="ae848255-6804-4c2d-b564-77907c550e84">
    </UnitTestResult>
  </Results>
</TestRun>