<?xml version="1.0" encoding="UTF-8"?>
<TestRun id="06534741-4599-4cef-9fb8-431c2487c775" name="Loren@ELLRIN 2010-12-18 00:42:55" runUser="Ellrin\Loren" xmlns="http://microsoft.com/schemas/VisualStudio/TeamTest/2010">
  <TestSettings name="Local" id="20c951ca-5f84-442b-894a-0e379489c7be">
    <Description>These are default test settings for a local test run.</Description>
    <Deployment enabled="false" runDeploymentRoot="Loren_ELLRIN 2010-12-18 00_42_55">
      <DeploymentItem filename="D:\Code\csharp-bacnet\BACnet\bin\Debug\BACnet.dll" />
    </Deployment>
    <Execution>
      <TestTypeSpecific />
      <AgentRule name="Execution Agents">
      </AgentRule>
    </Execution>
  </TestSettings>
  <Times creation="2010-12-18T00:42:55.1456408-08:00" queuing="2010-12-18T00:42:55.1586415-08:00" start="2010-12-18T00:42:55.1666420-08:00" finish="2010-12-18T00:42:55.3806542-08:00" />
  <ResultSummary outcome="Completed">
    <Counters total="3" executed="3" passed="3" error="0" failed="0" timeout="0" aborted="0" inconclusive="0" passedButRunAborted="0" notRunnable="0" notExecuted="0" disconnected="0" warning="0" completed="0" inProgress="0" pending="0" />
  </ResultSummary>
  <TestDefinitions>
    <UnitTest name="EnumeratedConstructorTest" storage="d:\code\csharp-bacnet\bacnet.tests\bin\debug\bacnet.tests.dll" id="524f19b8-74a9-1d9a-89ad-10b49894bc48">
      <Execution id="7f325361-b8c1-4961-b6a8-5584b69673d3" />
      <TestMethod codeBase="D:/Code/csharp-bacnet/BACnet.Tests/bin/Debug/BACnet.Tests.DLL" adapterTypeName="Microsoft.VisualStudio.TestTools.TestTypes.Unit.UnitTestAdapter, Microsoft.VisualStudio.QualityTools.Tips.UnitTest.Adapter, Version=10.0.0.0, Culture=neutral, PublicKeyToken=b03f5f7f11d50a3a" className="BACnet.Tests.EnumeratedTest, BACnet.Tests, Version=1.0.0.0, Culture=neutral, PublicKeyToken=null" name="EnumeratedConstructorTest" />
    </UnitTest>
    <UnitTest name="op_ImplicitTest" storage="d:\code\csharp-bacnet\bacnet.tests\bin\debug\bacnet.tests.dll" id="c835259b-0ffa-44f4-11e7-6fe0a032112a">
      <Execution id="99dab1dd-fdfa-4ebb-bbf3-03c63a9d1f57" />
      <TestMethod codeBase="D:/Code/csharp-bacnet/BACnet.Tests/bin/Debug/BACnet.Tests.DLL" adapterTypeName="Microsoft.VisualStudio.TestTools.TestTypes.Unit.UnitTestAdapter, Microsoft.VisualStudio.QualityTools.Tips.UnitTest.Adapter, Version=10.0.0.0, Culture=neutral, PublicKeyToken=b03f5f7f11d50a3a" className="BACnet.Tests.EnumeratedTest, BACnet.Tests, Version=1.0.0.0, Culture=neutral, PublicKeyToken=null" name="op_ImplicitTest" />
    </UnitTest>
    <UnitTest name="op_ImplicitTest1" storage="d:\code\csharp-bacnet\bacnet.tests\bin\debug\bacnet.tests.dll" id="b7bb2998-a480-3e49-e69d-6dba9109035a">
      <Execution id="f8bac818-6bf3-4723-9477-db32ed52d929" />
      <TestMethod codeBase="D:/Code/csharp-bacnet/BACnet.Tests/bin/Debug/BACnet.Tests.DLL" adapterTypeName="Microsoft.VisualStudio.TestTools.TestTypes.Unit.UnitTestAdapter, Microsoft.VisualStudio.QualityTools.Tips.UnitTest.Adapter, Version=10.0.0.0, Culture=neutral, PublicKeyToken=b03f5f7f11d50a3a" className="BACnet.Tests.EnumeratedTest, BACnet.Tests, Version=1.0.0.0, Culture=neutral, PublicKeyToken=null" name="op_ImplicitTest1" />
    </UnitTest>
  </TestDefinitions>
  <TestLists>
    <TestList name="Results Not in a List" id="8c84fa94-04c1-424b-9868-57a2d4851a1d" />
    <TestList name="All Loaded Results" id="19431567-8539-422a-85d7-44ee4e166bda" />
  </TestLists>
  <TestEntries>
    <TestEntry testId="524f19b8-74a9-1d9a-89ad-10b49894bc48" executionId="7f325361-b8c1-4961-b6a8-5584b69673d3" testListId="8c84fa94-04c1-424b-9868-57a2d4851a1d" />
    <TestEntry testId="b7bb2998-a480-3e49-e69d-6dba9109035a" executionId="f8bac818-6bf3-4723-9477-db32ed52d929" testListId="8c84fa94-04c1-424b-9868-57a2d4851a1d" />
    <TestEntry testId="c835259b-0ffa-44f4-11e7-6fe0a032112a" executionId="99dab1dd-fdfa-4ebb-bbf3-03c63a9d1f57" testListId="8c84fa94-04c1-424b-9868-57a2d4851a1d" />
  </TestEntries>
  <Results>
    <UnitTestResult executionId="7f325361-b8c1-4961-b6a8-5584b69673d3" testId="524f19b8-74a9-1d9a-89ad-10b49894bc48" testName="EnumeratedConstructorTest" computerName="ELLRIN" duration="00:00:00.0122539" startTime="2010-12-18T00:42:55.1676420-08:00" endTime="2010-12-18T00:42:55.3606531-08:00" testType="13cdc9d9-ddb5-4fa4-a97d-d965ccfc6d4b" outcome="Passed" testListId="8c84fa94-04c1-424b-9868-57a2d4851a1d" relativeResultsDirectory="7f325361-b8c1-4961-b6a8-5584b69673d3">
    </UnitTestResult>
    <UnitTestResult executionId="f8bac818-6bf3-4723-9477-db32ed52d929" testId="b7bb2998-a480-3e49-e69d-6dba9109035a" testName="op_ImplicitTest1" computerName="ELLRIN" duration="00:00:00.0002302" startTime="2010-12-18T00:42:55.3616531-08:00" endTime="2010-12-18T00:42:55.3656534-08:00" testType="13cdc9d9-ddb5-4fa4-a97d-d965ccfc6d4b" outcome="Passed" testListId="8c84fa94-04c1-424b-9868-57a2d4851a1d" relativeResultsDirectory="f8bac818-6bf3-4723-9477-db32ed52d929">
    </UnitTestResult>
    <UnitTestResult executionId="99dab1dd-fdfa-4ebb-bbf3-03c63a9d1f57" testId="c835259b-0ffa-44f4-11e7-6fe0a032112a" testName="op_ImplicitTest" computerName="ELLRIN" duration="00:00:00.0001963" startTime="2010-12-18T00:42:55.3666534-08:00" endTime="2010-12-18T00:42:55.3696536-08:00" testType="13cdc9d9-ddb5-4fa4-a97d-d965ccfc6d4b" outcome="Passed" testListId="8c84fa94-04c1-424b-9868-57a2d4851a1d" relativeResultsDirectory="99dab1dd-fdfa-4ebb-bbf3-03c63a9d1f57">
    </UnitTestResult>
  </Results>
</TestRun>